<?xml version="1.0" encoding="UTF-8"?>
<!-- Generated by org.testng.reporters.JUnitReportReporter -->
<testsuite skipped="0" hostname="LAPTOP-T3UANJN2" name="com.herokuapp.internet.testsuite.LoginPageTest" tests="3" failures="0" timestamp="2022-12-13T19:50:10 GMT" time="12.029" errors="0">
  <testcase name="verifyTheUsernameErrorMessage" time="3.514" classname="com.herokuapp.internet.testsuite.LoginPageTest"/>
  <system-out>
    <![CDATA[Enter username tomsmith1 to username field [[ChromeDriver: chrome on WINDOWS (ef0d1a043196b0d88a175f1d0f5430fe)] -> name: username]
Enter password to password field [[ChromeDriver: chrome on WINDOWS (ef0d1a043196b0d88a175f1d0f5430fe)] -> name: password]
Click on login button
Invalid user name error message is displayed]]>
  </system-out>
  <testcase name="verifyThePasswordErrorMessage" time="4.993" classname="com.herokuapp.internet.testsuite.LoginPageTest"/>
  <system-out>
    <![CDATA[Enter username tomsmith to username field [[ChromeDriver: chrome on WINDOWS (7e55d137c8cdb5f411ba5957db747f2f)] -> name: username]
Enter password to password field [[ChromeDriver: chrome on WINDOWS (7e55d137c8cdb5f411ba5957db747f2f)] -> name: password]
Click on login button
Invalid password error message is displayed]]>
  </system-out>
  <testcase name="userShouldLoginSuccessfullyWithValidCredentials" time="3.522" classname="com.herokuapp.internet.testsuite.LoginPageTest"/>
  <system-out>
    <![CDATA[Enter username tomsmith to username field [[ChromeDriver: chrome on WINDOWS (c4c1bd6ca7822d7f20cccbd6bc40e211)] -> name: username]
Enter password to password field [[ChromeDriver: chrome on WINDOWS (c4c1bd6ca7822d7f20cccbd6bc40e211)] -> name: password]
Click on login button
Secure area error message is displayed]]>
  </system-out>
</testsuite> <!-- com.herokuapp.internet.testsuite.LoginPageTest -->
